<?xml version="1.0" encoding="UTF-8"?>
<test-results name="jest results" date="2019-07-24" time="09:28:45" invalid="0" ignored="0" inconclusive="0" not-run="0" errors="0" total="6" failures="0" skipped="0">
  <environment nunit-version="na" clr-version="na" os-version="18.6.0" platform="darwin" cwd="/Users/anthonyshaw/WebstormProjects/vs-nunit" user="na" user-domain="na" machine-name="anthonys-imac.lan"/>
  <culture-info current-culture="na" current-uiculture="na"/>
  <test-suite name="/Users/anthonyshaw/WebstormProjects/vs-nunit/src/tests/nunit.test.ts" time="1.44" executed="True" success="True" result="Success" type="TestFixture">
    <results>
      <test-case name=" test invalid Nunit XML file" executed="True" result="Success" time="0">
      </test-case>
      <test-case name=" test valid Nunit XML file" executed="True" result="Success" time="0">
      </test-case>
      <test-case name=" test case match" executed="True" result="Success" time="0">
      </test-case>
      <test-case name=" invalid test case match" executed="True" result="Success" time="0">
      </test-case>
      <test-case name=" valid complex test case match" executed="True" result="Success" time="0">
      </test-case>
      <test-case name=" valid complex test case match test suite" executed="True" result="Success" time="0">
      </test-case>
    </results>
  </test-suite>
</test-results>